<?xml version="1.0" encoding="UTF-8"?>
<beans xmlns="http://www.springframework.org/schema/beans"
       xmlns:xsi="http://www.w3.org/2001/XMLSchema-instance"
       xmlns:context="http://www.springframework.org/schema/context"
       xmlns:aop="http://www.springframework.org/schema/aop"
       xmlns:tx="http://www.springframework.org/schema/tx"
       xmlns:p="http://www.springframework.org/schema/p"
       xmlns:pigeon="http://code.dianping.com/schema/pigeon"
       xsi:schemaLocation="http://www.springframework.org/schema/beans
           http://www.springframework.org/schema/beans/spring-beans-3.0.xsd
           http://www.springframework.org/schema/aop 
           http://www.springframework.org/schema/aop/spring-aop-3.0.xsd
           http://www.springframework.org/schema/tx
           http://www.springframework.org/schema/tx/spring-tx-3.0.xsd
           http://www.springframework.org/schema/context
           http://www.springframework.org/schema/context/spring-context-3.0.xsd
           http://www.springframework.org/schema/tool
           http://www.springframework.org/schema/tool/spring-tool.xsd
           http://code.dianping.com/schema/pigeon
           http://code.dianping.com/schema/pigeon/pigeon-service-2.0.xsd"
           default-lazy-init="true">

    <pigeon:annotation/>
    <pigeon:reference id="mercuryService" timeout="3000" serialize="hessian"
                      interface="com.dianping.data.warehouse.masterdata.service.MercuryService"/>

    <pigeon:reference id="dqcService" timeout="3000" serialize="hessian"
                      interface="com.dianping.dqc.pigeon.client.ScheduleJobService" />

    <bean id="taskServiceDqcImpl" class="com.dianping.data.warehouse.ssh.TaskServiceDqcImpl">
        <property name="mercuryService" ref="mercuryService"/>
        <property name="dqcService" ref="dqcService"/>
    </bean>


</beans>